{"level":"info","message":"Listening on port 5000...","timestamp":"2020-10-18T15:06:44.321Z"}
{"level":"info","message":"Connected to mongodb+srv://rt:spcekota@cluster0.g3fiq.mongodb.net/dhruvinfra?retryWrites=true&w=majority...","timestamp":"2020-10-18T15:06:44.879Z"}
{"message":"user.save is not a function","stack":"TypeError: user.save is not a function\n    at E:\\dhruvback\\routes\\users.js:26:14","level":"error","timestamp":"2020-10-18T15:11:10.300Z"}
{"level":"info","message":"Listening on port 5000...","timestamp":"2020-10-18T15:15:30.582Z"}
{"level":"info","message":"Connected to mongodb+srv://rt:spcekota@cluster0.g3fiq.mongodb.net/dhruvinfra?retryWrites=true&w=majority...","timestamp":"2020-10-18T15:15:30.994Z"}
{"level":"info","message":"Listening on port 5000...","timestamp":"2020-10-18T15:15:32.495Z"}
{"level":"info","message":"Connected to mongodb+srv://rt:spcekota@cluster0.g3fiq.mongodb.net/dhruvinfra?retryWrites=true&w=majority...","timestamp":"2020-10-18T15:15:32.859Z"}
{"level":"info","message":"Listening on port 5000...","timestamp":"2020-10-18T15:15:37.215Z"}
{"level":"info","message":"Connected to mongodb+srv://rt:spcekota@cluster0.g3fiq.mongodb.net/dhruvinfra?retryWrites=true&w=majority...","timestamp":"2020-10-18T15:15:37.585Z"}
{"level":"info","message":"Listening on port 5000...","timestamp":"2020-10-18T15:15:39.906Z"}
{"level":"info","message":"Connected to mongodb+srv://rt:spcekota@cluster0.g3fiq.mongodb.net/dhruvinfra?retryWrites=true&w=majority...","timestamp":"2020-10-18T15:15:40.330Z"}
{"message":"user.save is not a function","stack":"TypeError: user.save is not a function\n    at E:\\dhruvback\\routes\\users.js:26:14","level":"error","timestamp":"2020-10-18T15:15:51.376Z"}
{"level":"info","message":"Listening on port 5000...","timestamp":"2020-10-18T15:18:05.398Z"}
{"level":"info","message":"Connected to mongodb+srv://rt:spcekota@cluster0.g3fiq.mongodb.net/dhruvinfra?retryWrites=true&w=majority...","timestamp":"2020-10-18T15:18:05.814Z"}
{"level":"info","message":"Listening on port 5000...","timestamp":"2020-10-18T15:18:07.501Z"}
{"level":"info","message":"Connected to mongodb+srv://rt:spcekota@cluster0.g3fiq.mongodb.net/dhruvinfra?retryWrites=true&w=majority...","timestamp":"2020-10-18T15:18:07.920Z"}
{"level":"info","message":"Listening on port 5000...","timestamp":"2020-10-18T15:18:13.003Z"}
{"level":"info","message":"Connected to mongodb+srv://rt:spcekota@cluster0.g3fiq.mongodb.net/dhruvinfra?retryWrites=true&w=majority...","timestamp":"2020-10-18T15:18:13.371Z"}
{"message":"Unexpected string in JSON at position 173","stack":"SyntaxError: Unexpected string in JSON at position 173\n    at JSON.parse (<anonymous>)\n    at parse (E:\\dhruvback\\node_modules\\body-parser\\lib\\types\\json.js:89:19)\n    at E:\\dhruvback\\node_modules\\body-parser\\lib\\read.js:121:18\n    at invokeCallback (E:\\dhruvback\\node_modules\\raw-body\\index.js:224:16)\n    at done (E:\\dhruvback\\node_modules\\raw-body\\index.js:213:7)\n    at IncomingMessage.onEnd (E:\\dhruvback\\node_modules\\raw-body\\index.js:273:7)\n    at IncomingMessage.emit (events.js:333:22)\n    at endReadableNT (_stream_readable.js:1201:12)\n    at processTicksAndRejections (internal/process/task_queues.js:84:21)","expose":true,"statusCode":400,"status":400,"body":"{\n\t\"userid\":\"DI1234\",\n\t\"sponsorid\":\"DI1233\",\n\t\"username\":\"Rajesh Tripathi\",\n\t\"fname\":\"P.N. Tripathi\",\n\t\"phone\":\"9828137504\",\n\t\"city\":\"Kota\",\n\t\"address\":\"119-B, R.K. Puram\"\n\t\"panno\":\"aanpt4924d\",\n\t\"status\":\"active\",\n\t\"emailid\":\"rajesh@gmail.com\",\n\t\"password\":\"121212\"\n\t}","type":"entity.parse.failed","level":"error","timestamp":"2020-10-18T15:20:20.756Z"}
{"level":"info","message":"Listening on port 5000...","timestamp":"2020-10-18T15:22:35.618Z"}
{"level":"info","message":"Connected to mongodb+srv://rt:spcekota@cluster0.g3fiq.mongodb.net/dhruvinfra?retryWrites=true&w=majority...","timestamp":"2020-10-18T15:22:36.057Z"}
{"level":"info","message":"Listening on port 5000...","timestamp":"2020-10-18T15:22:38.961Z"}
{"level":"info","message":"Connected to mongodb+srv://rt:spcekota@cluster0.g3fiq.mongodb.net/dhruvinfra?retryWrites=true&w=majority...","timestamp":"2020-10-18T15:22:39.336Z"}
{"level":"info","message":"Listening on port 5000...","timestamp":"2020-10-18T15:22:44.589Z"}
{"level":"info","message":"Connected to mongodb+srv://rt:spcekota@cluster0.g3fiq.mongodb.net/dhruvinfra?retryWrites=true&w=majority...","timestamp":"2020-10-18T15:22:45.025Z"}
{"level":"info","message":"Listening on port 5000...","timestamp":"2020-10-18T15:22:47.837Z"}
{"level":"info","message":"Connected to mongodb+srv://rt:spcekota@cluster0.g3fiq.mongodb.net/dhruvinfra?retryWrites=true&w=majority...","timestamp":"2020-10-18T15:22:48.253Z"}
{"message":"Unexpected string in JSON at position 173","stack":"SyntaxError: Unexpected string in JSON at position 173\n    at JSON.parse (<anonymous>)\n    at parse (E:\\dhruvback\\node_modules\\body-parser\\lib\\types\\json.js:89:19)\n    at E:\\dhruvback\\node_modules\\body-parser\\lib\\read.js:121:18\n    at invokeCallback (E:\\dhruvback\\node_modules\\raw-body\\index.js:224:16)\n    at done (E:\\dhruvback\\node_modules\\raw-body\\index.js:213:7)\n    at IncomingMessage.onEnd (E:\\dhruvback\\node_modules\\raw-body\\index.js:273:7)\n    at IncomingMessage.emit (events.js:333:22)\n    at endReadableNT (_stream_readable.js:1201:12)\n    at processTicksAndRejections (internal/process/task_queues.js:84:21)","expose":true,"statusCode":400,"status":400,"body":"{\n\t\"userid\":\"DI1234\",\n\t\"sponsorid\":\"DI1233\",\n\t\"username\":\"Rajesh Tripathi\",\n\t\"fname\":\"P.N. Tripathi\",\n\t\"phone\":\"9828137504\",\n\t\"city\":\"Kota\",\n\t\"address\":\"119-B, R.K. Puram\"\n\t\"panno\":\"aanpt4924d\",\n\t\"status\":\"active\",\n\t\"emailid\":\"rajesh@gmail.com\",\n\t\"password\":\"121212\"\n\t}","type":"entity.parse.failed","level":"error","timestamp":"2020-10-18T15:22:54.013Z"}
{"level":"info","message":"Listening on port 5000...","timestamp":"2020-10-18T15:30:52.072Z"}
{"level":"info","message":"Connected to mongodb+srv://rt:spcekota@cluster0.g3fiq.mongodb.net/dhruvinfra?retryWrites=true&w=majority...","timestamp":"2020-10-18T15:30:52.538Z"}
{"level":"info","message":"Listening on port 5000...","timestamp":"2020-10-18T15:30:55.879Z"}
{"level":"info","message":"Connected to mongodb+srv://rt:spcekota@cluster0.g3fiq.mongodb.net/dhruvinfra?retryWrites=true&w=majority...","timestamp":"2020-10-18T15:30:56.283Z"}
{"level":"info","message":"Listening on port 5000...","timestamp":"2020-10-18T15:31:00.874Z"}
{"level":"info","message":"Connected to mongodb+srv://rt:spcekota@cluster0.g3fiq.mongodb.net/dhruvinfra?retryWrites=true&w=majority...","timestamp":"2020-10-18T15:31:01.244Z"}
{"level":"info","message":"Listening on port 5000...","timestamp":"2020-10-18T15:32:32.082Z"}
{"level":"info","message":"Connected to mongodb+srv://rt:spcekota@cluster0.g3fiq.mongodb.net/dhruvinfra?retryWrites=true&w=majority...","timestamp":"2020-10-18T15:32:32.539Z"}
{"level":"info","message":"Listening on port 5000...","timestamp":"2020-10-18T15:32:34.952Z"}
{"level":"info","message":"Connected to mongodb+srv://rt:spcekota@cluster0.g3fiq.mongodb.net/dhruvinfra?retryWrites=true&w=majority...","timestamp":"2020-10-18T15:32:35.435Z"}
{"message":"validateUser is not defined","stack":"ReferenceError: validateUser is not defined\n    at E:\\dhruvback\\routes\\users.js:33:21\n    at E:\\dhruvback\\node_modules\\express-async-errors\\index.js:17:20\n    at Layer.handle [as handle_request] (E:\\dhruvback\\node_modules\\express\\lib\\router\\layer.js:95:5)\n    at next (E:\\dhruvback\\node_modules\\express\\lib\\router\\route.js:137:13)\n    at module.exports (E:\\dhruvback\\middleware\\auth.js:11:5)\n    at E:\\dhruvback\\node_modules\\express-async-errors\\index.js:17:20\n    at Layer.handle [as handle_request] (E:\\dhruvback\\node_modules\\express\\lib\\router\\layer.js:95:5)\n    at next (E:\\dhruvback\\node_modules\\express\\lib\\router\\route.js:137:13)\n    at Route.dispatch (E:\\dhruvback\\node_modules\\express\\lib\\router\\route.js:112:3)\n    at E:\\dhruvback\\node_modules\\express-async-errors\\index.js:17:20\n    at Layer.handle [as handle_request] (E:\\dhruvback\\node_modules\\express\\lib\\router\\layer.js:95:5)\n    at E:\\dhruvback\\node_modules\\express\\lib\\router\\index.js:281:22\n    at Function.process_params (E:\\dhruvback\\node_modules\\express\\lib\\router\\index.js:335:12)\n    at next (E:\\dhruvback\\node_modules\\express\\lib\\router\\index.js:275:10)\n    at Function.handle (E:\\dhruvback\\node_modules\\express\\lib\\router\\index.js:174:3)\n    at router (E:\\dhruvback\\node_modules\\express\\lib\\router\\index.js:47:12)","level":"error","timestamp":"2020-10-18T15:36:29.297Z"}
{"level":"info","message":"Listening on port 5000...","timestamp":"2020-10-18T15:38:16.436Z"}
{"level":"info","message":"Connected to mongodb+srv://rt:spcekota@cluster0.g3fiq.mongodb.net/dhruvinfra?retryWrites=true&w=majority...","timestamp":"2020-10-18T15:38:16.918Z"}
{"level":"info","message":"Listening on port 5000...","timestamp":"2020-10-18T15:40:23.368Z"}
{"level":"info","message":"Connected to mongodb+srv://rt:spcekota@cluster0.g3fiq.mongodb.net/dhruvinfra?retryWrites=true&w=majority...","timestamp":"2020-10-18T15:40:23.812Z"}
{"level":"info","message":"Listening on port 5000...","timestamp":"2020-10-18T15:40:29.345Z"}
{"level":"info","message":"Connected to mongodb+srv://rt:spcekota@cluster0.g3fiq.mongodb.net/dhruvinfra?retryWrites=true&w=majority...","timestamp":"2020-10-18T15:40:29.763Z"}
{"level":"info","message":"Listening on port 5000...","timestamp":"2020-10-18T15:40:36.281Z"}
{"level":"info","message":"Connected to mongodb+srv://rt:spcekota@cluster0.g3fiq.mongodb.net/dhruvinfra?retryWrites=true&w=majority...","timestamp":"2020-10-18T15:40:36.720Z"}
{"level":"info","message":"Listening on port 5000...","timestamp":"2020-10-18T15:40:52.530Z"}
{"level":"info","message":"Connected to mongodb+srv://rt:spcekota@cluster0.g3fiq.mongodb.net/dhruvinfra?retryWrites=true&w=majority...","timestamp":"2020-10-18T15:40:52.975Z"}
{"level":"info","message":"Listening on port 5000...","timestamp":"2020-10-18T15:41:09.636Z"}
{"level":"info","message":"Connected to mongodb+srv://rt:spcekota@cluster0.g3fiq.mongodb.net/dhruvinfra?retryWrites=true&w=majority...","timestamp":"2020-10-18T15:41:10.063Z"}
{"level":"info","message":"Listening on port 5000...","timestamp":"2020-10-18T15:41:12.601Z"}
{"level":"info","message":"Connected to mongodb+srv://rt:spcekota@cluster0.g3fiq.mongodb.net/dhruvinfra?retryWrites=true&w=majority...","timestamp":"2020-10-18T15:41:12.970Z"}
{"level":"info","message":"Listening on port 5000...","timestamp":"2020-10-18T15:41:25.555Z"}
{"level":"info","message":"Connected to mongodb+srv://rt:spcekota@cluster0.g3fiq.mongodb.net/dhruvinfra?retryWrites=true&w=majority...","timestamp":"2020-10-18T15:41:25.998Z"}
{"level":"info","message":"Listening on port 5000...","timestamp":"2020-10-18T15:41:39.522Z"}
{"level":"info","message":"Connected to mongodb+srv://rt:spcekota@cluster0.g3fiq.mongodb.net/dhruvinfra?retryWrites=true&w=majority...","timestamp":"2020-10-18T15:41:39.916Z"}
{"level":"info","message":"Listening on port 5000...","timestamp":"2020-10-18T15:41:48.274Z"}
{"level":"info","message":"Connected to mongodb+srv://rt:spcekota@cluster0.g3fiq.mongodb.net/dhruvinfra?retryWrites=true&w=majority...","timestamp":"2020-10-18T15:41:48.639Z"}
{"level":"info","message":"Listening on port 5000...","timestamp":"2020-10-18T15:41:51.974Z"}
{"level":"info","message":"Connected to mongodb+srv://rt:spcekota@cluster0.g3fiq.mongodb.net/dhruvinfra?retryWrites=true&w=majority...","timestamp":"2020-10-18T15:41:52.421Z"}
{"level":"info","message":"Listening on port 5000...","timestamp":"2020-10-18T15:41:56.352Z"}
{"level":"info","message":"Connected to mongodb+srv://rt:spcekota@cluster0.g3fiq.mongodb.net/dhruvinfra?retryWrites=true&w=majority...","timestamp":"2020-10-18T15:41:56.801Z"}
{"level":"info","message":"Listening on port 5000...","timestamp":"2020-10-18T15:42:02.783Z"}
{"level":"info","message":"Connected to mongodb+srv://rt:spcekota@cluster0.g3fiq.mongodb.net/dhruvinfra?retryWrites=true&w=majority...","timestamp":"2020-10-18T15:42:03.224Z"}
{"level":"info","message":"Listening on port 5000...","timestamp":"2020-10-18T15:42:04.997Z"}
{"level":"info","message":"Connected to mongodb+srv://rt:spcekota@cluster0.g3fiq.mongodb.net/dhruvinfra?retryWrites=true&w=majority...","timestamp":"2020-10-18T15:42:05.405Z"}
{"level":"info","message":"Listening on port 5000...","timestamp":"2020-10-18T15:42:23.965Z"}
{"level":"info","message":"Connected to mongodb+srv://rt:spcekota@cluster0.g3fiq.mongodb.net/dhruvinfra?retryWrites=true&w=majority...","timestamp":"2020-10-18T15:42:24.345Z"}
{"message":"validateUserPut is not a function","stack":"TypeError: validateUserPut is not a function\n    at E:\\dhruvback\\routes\\users.js:33:21\n    at E:\\dhruvback\\node_modules\\express-async-errors\\index.js:17:20\n    at Layer.handle [as handle_request] (E:\\dhruvback\\node_modules\\express\\lib\\router\\layer.js:95:5)\n    at next (E:\\dhruvback\\node_modules\\express\\lib\\router\\route.js:137:13)\n    at module.exports (E:\\dhruvback\\middleware\\auth.js:11:5)\n    at E:\\dhruvback\\node_modules\\express-async-errors\\index.js:17:20\n    at Layer.handle [as handle_request] (E:\\dhruvback\\node_modules\\express\\lib\\router\\layer.js:95:5)\n    at next (E:\\dhruvback\\node_modules\\express\\lib\\router\\route.js:137:13)\n    at Route.dispatch (E:\\dhruvback\\node_modules\\express\\lib\\router\\route.js:112:3)\n    at E:\\dhruvback\\node_modules\\express-async-errors\\index.js:17:20\n    at Layer.handle [as handle_request] (E:\\dhruvback\\node_modules\\express\\lib\\router\\layer.js:95:5)\n    at E:\\dhruvback\\node_modules\\express\\lib\\router\\index.js:281:22\n    at Function.process_params (E:\\dhruvback\\node_modules\\express\\lib\\router\\index.js:335:12)\n    at next (E:\\dhruvback\\node_modules\\express\\lib\\router\\index.js:275:10)\n    at Function.handle (E:\\dhruvback\\node_modules\\express\\lib\\router\\index.js:174:3)\n    at router (E:\\dhruvback\\node_modules\\express\\lib\\router\\index.js:47:12)","level":"error","timestamp":"2020-10-18T15:42:37.653Z"}
{"level":"info","message":"Listening on port 5000...","timestamp":"2020-10-18T15:43:57.103Z"}
{"level":"info","message":"Connected to mongodb+srv://rt:spcekota@cluster0.g3fiq.mongodb.net/dhruvinfra?retryWrites=true&w=majority...","timestamp":"2020-10-18T15:43:57.449Z"}
{"level":"info","message":"Listening on port 5000...","timestamp":"2020-10-18T15:44:19.796Z"}
{"level":"info","message":"Connected to mongodb+srv://rt:spcekota@cluster0.g3fiq.mongodb.net/dhruvinfra?retryWrites=true&w=majority...","timestamp":"2020-10-18T15:44:20.227Z"}
{"message":"User.findAndUpdate is not a function","stack":"TypeError: User.findAndUpdate is not a function\n    at E:\\dhruvback\\routes\\users.js:36:27\n    at E:\\dhruvback\\node_modules\\express-async-errors\\index.js:17:20\n    at Layer.handle [as handle_request] (E:\\dhruvback\\node_modules\\express\\lib\\router\\layer.js:95:5)\n    at next (E:\\dhruvback\\node_modules\\express\\lib\\router\\route.js:137:13)\n    at module.exports (E:\\dhruvback\\middleware\\auth.js:11:5)\n    at E:\\dhruvback\\node_modules\\express-async-errors\\index.js:17:20\n    at Layer.handle [as handle_request] (E:\\dhruvback\\node_modules\\express\\lib\\router\\layer.js:95:5)\n    at next (E:\\dhruvback\\node_modules\\express\\lib\\router\\route.js:137:13)\n    at Route.dispatch (E:\\dhruvback\\node_modules\\express\\lib\\router\\route.js:112:3)\n    at E:\\dhruvback\\node_modules\\express-async-errors\\index.js:17:20\n    at Layer.handle [as handle_request] (E:\\dhruvback\\node_modules\\express\\lib\\router\\layer.js:95:5)\n    at E:\\dhruvback\\node_modules\\express\\lib\\router\\index.js:281:22\n    at Function.process_params (E:\\dhruvback\\node_modules\\express\\lib\\router\\index.js:335:12)\n    at next (E:\\dhruvback\\node_modules\\express\\lib\\router\\index.js:275:10)\n    at Function.handle (E:\\dhruvback\\node_modules\\express\\lib\\router\\index.js:174:3)\n    at router (E:\\dhruvback\\node_modules\\express\\lib\\router\\index.js:47:12)","level":"error","timestamp":"2020-10-18T15:44:24.241Z"}
{"level":"info","message":"Listening on port 5000...","timestamp":"2020-10-18T15:48:33.211Z"}
{"level":"info","message":"Connected to mongodb+srv://rt:spcekota@cluster0.g3fiq.mongodb.net/dhruvinfra?retryWrites=true&w=majority...","timestamp":"2020-10-18T15:48:33.643Z"}
{"level":"info","message":"Listening on port 5000...","timestamp":"2020-10-18T15:59:28.913Z"}
{"level":"info","message":"Connected to mongodb+srv://rt:spcekota@cluster0.g3fiq.mongodb.net/dhruvinfra?retryWrites=true&w=majority...","timestamp":"2020-10-18T15:59:29.388Z"}
{"level":"info","message":"Listening on port 5000...","timestamp":"2020-10-18T15:59:47.869Z"}
{"level":"info","message":"Connected to mongodb+srv://rt:spcekota@cluster0.g3fiq.mongodb.net/dhruvinfra?retryWrites=true&w=majority...","timestamp":"2020-10-18T15:59:48.340Z"}
{"level":"info","message":"Listening on port 5000...","timestamp":"2020-10-18T16:00:10.495Z"}
{"level":"info","message":"Connected to mongodb+srv://rt:spcekota@cluster0.g3fiq.mongodb.net/dhruvinfra?retryWrites=true&w=majority...","timestamp":"2020-10-18T16:00:10.943Z"}
{"level":"info","message":"Listening on port 5000...","timestamp":"2020-10-18T16:28:46.717Z"}
{"level":"info","message":"Connected to mongodb+srv://rt:spcekota@cluster0.g3fiq.mongodb.net/dhruvinfra?retryWrites=true&w=majority...","timestamp":"2020-10-18T16:28:47.106Z"}
{"level":"info","message":"Listening on port 5000...","timestamp":"2020-10-18T16:28:50.793Z"}
{"level":"info","message":"Connected to mongodb+srv://rt:spcekota@cluster0.g3fiq.mongodb.net/dhruvinfra?retryWrites=true&w=majority...","timestamp":"2020-10-18T16:28:51.118Z"}
{"level":"info","message":"Listening on port 5000...","timestamp":"2020-10-18T16:29:05.328Z"}
{"level":"info","message":"Connected to mongodb+srv://rt:spcekota@cluster0.g3fiq.mongodb.net/dhruvinfra?retryWrites=true&w=majority...","timestamp":"2020-10-18T16:29:05.700Z"}
{"level":"info","message":"Listening on port 5000...","timestamp":"2020-10-18T16:29:24.566Z"}
{"level":"info","message":"Listening on port 5000...","timestamp":"2020-10-18T16:29:26.011Z"}
{"level":"info","message":"Connected to mongodb+srv://rt:spcekota@cluster0.g3fiq.mongodb.net/dhruvinfra?retryWrites=true&w=majority...","timestamp":"2020-10-18T16:29:26.368Z"}
{"level":"info","message":"Listening on port 5000...","timestamp":"2020-10-18T16:29:31.632Z"}
{"level":"info","message":"Connected to mongodb+srv://rt:spcekota@cluster0.g3fiq.mongodb.net/dhruvinfra?retryWrites=true&w=majority...","timestamp":"2020-10-18T16:29:32.062Z"}
{"level":"info","message":"Listening on port 5000...","timestamp":"2020-10-18T16:29:59.747Z"}
{"level":"info","message":"Connected to mongodb+srv://rt:spcekota@cluster0.g3fiq.mongodb.net/dhruvinfra?retryWrites=true&w=majority...","timestamp":"2020-10-18T16:30:00.153Z"}
{"level":"info","message":"Listening on port 5000...","timestamp":"2020-10-18T16:30:03.636Z"}
{"level":"info","message":"Connected to mongodb+srv://rt:spcekota@cluster0.g3fiq.mongodb.net/dhruvinfra?retryWrites=true&w=majority...","timestamp":"2020-10-18T16:30:04.057Z"}
{"level":"info","message":"Listening on port 5000...","timestamp":"2020-10-18T16:38:50.243Z"}
{"level":"info","message":"Listening on port 5000...","timestamp":"2020-10-18T16:38:51.760Z"}
{"level":"info","message":"Connected to mongodb+srv://rt:spcekota@cluster0.g3fiq.mongodb.net/dhruvinfra?retryWrites=true&w=majority...","timestamp":"2020-10-18T16:38:52.109Z"}
{"level":"info","message":"Listening on port 5000...","timestamp":"2020-10-18T16:39:04.478Z"}
{"level":"info","message":"Connected to mongodb+srv://rt:spcekota@cluster0.g3fiq.mongodb.net/dhruvinfra?retryWrites=true&w=majority...","timestamp":"2020-10-18T16:39:04.842Z"}
{"level":"info","message":"Listening on port 5000...","timestamp":"2020-10-18T16:39:08.932Z"}
{"level":"info","message":"Connected to mongodb+srv://rt:spcekota@cluster0.g3fiq.mongodb.net/dhruvinfra?retryWrites=true&w=majority...","timestamp":"2020-10-18T16:39:09.357Z"}
{"level":"info","message":"Listening on port 5000...","timestamp":"2020-10-18T16:39:12.611Z"}
{"level":"info","message":"Connected to mongodb+srv://rt:spcekota@cluster0.g3fiq.mongodb.net/dhruvinfra?retryWrites=true&w=majority...","timestamp":"2020-10-18T16:39:13.017Z"}
{"level":"info","message":"Listening on port 5000...","timestamp":"2020-10-18T16:46:28.248Z"}
{"level":"info","message":"Connected to mongodb+srv://rt:spcekota@cluster0.g3fiq.mongodb.net/dhruvinfra?retryWrites=true&w=majority...","timestamp":"2020-10-18T16:46:28.671Z"}
{"level":"info","message":"Listening on port 5000...","timestamp":"2020-10-18T16:46:45.268Z"}
{"level":"info","message":"Connected to mongodb+srv://rt:spcekota@cluster0.g3fiq.mongodb.net/dhruvinfra?retryWrites=true&w=majority...","timestamp":"2020-10-18T16:46:45.703Z"}
{"level":"info","message":"Listening on port 5000...","timestamp":"2020-10-18T16:46:54.913Z"}
{"level":"info","message":"Connected to mongodb+srv://rt:spcekota@cluster0.g3fiq.mongodb.net/dhruvinfra?retryWrites=true&w=majority...","timestamp":"2020-10-18T16:46:55.364Z"}
{"level":"info","message":"Listening on port 5000...","timestamp":"2020-10-19T08:20:23.577Z"}
{"level":"info","message":"Connected to mongodb+srv://rt:spcekota@cluster0.g3fiq.mongodb.net/dhruvinfra?retryWrites=true&w=majority...","timestamp":"2020-10-19T08:20:24.002Z"}
{"level":"info","message":"Listening on port 5000...","timestamp":"2020-10-19T08:31:32.070Z"}
{"level":"info","message":"Connected to mongodb+srv://rt:spcekota@cluster0.g3fiq.mongodb.net/dhruvinfra?retryWrites=true&w=majority...","timestamp":"2020-10-19T08:31:32.495Z"}
{"level":"info","message":"Listening on port 5000...","timestamp":"2020-10-19T08:32:38.754Z"}
{"level":"info","message":"Connected to mongodb+srv://rt:spcekota@cluster0.g3fiq.mongodb.net/dhruvinfra?retryWrites=true&w=majority...","timestamp":"2020-10-19T08:32:39.140Z"}
{"message":"Joi.string.required is not a function","stack":"TypeError: Joi.string.required is not a function\n    at validateReceipt (E:\\dhruvback\\models\\receipt.js:38:24)\n    at E:\\dhruvback\\routes\\receipt.js:12:23\n    at E:\\dhruvback\\node_modules\\express-async-errors\\index.js:17:20\n    at Layer.handle [as handle_request] (E:\\dhruvback\\node_modules\\express\\lib\\router\\layer.js:95:5)\n    at next (E:\\dhruvback\\node_modules\\express\\lib\\router\\route.js:137:13)\n    at Route.dispatch (E:\\dhruvback\\node_modules\\express\\lib\\router\\route.js:112:3)\n    at E:\\dhruvback\\node_modules\\express-async-errors\\index.js:17:20\n    at Layer.handle [as handle_request] (E:\\dhruvback\\node_modules\\express\\lib\\router\\layer.js:95:5)\n    at E:\\dhruvback\\node_modules\\express\\lib\\router\\index.js:281:22\n    at Function.process_params (E:\\dhruvback\\node_modules\\express\\lib\\router\\index.js:335:12)\n    at next (E:\\dhruvback\\node_modules\\express\\lib\\router\\index.js:275:10)\n    at Function.handle (E:\\dhruvback\\node_modules\\express\\lib\\router\\index.js:174:3)\n    at router (E:\\dhruvback\\node_modules\\express\\lib\\router\\index.js:47:12)\n    at E:\\dhruvback\\node_modules\\express-async-errors\\index.js:17:20\n    at Layer.handle [as handle_request] (E:\\dhruvback\\node_modules\\express\\lib\\router\\layer.js:95:5)\n    at trim_prefix (E:\\dhruvback\\node_modules\\express\\lib\\router\\index.js:317:13)","level":"error","timestamp":"2020-10-19T08:34:49.212Z"}
{"level":"info","message":"Listening on port 5000...","timestamp":"2020-10-19T08:35:39.932Z"}
{"level":"info","message":"Connected to mongodb+srv://rt:spcekota@cluster0.g3fiq.mongodb.net/dhruvinfra?retryWrites=true&w=majority...","timestamp":"2020-10-19T08:35:40.360Z"}
{"message":"Joi.string.required is not a function","stack":"TypeError: Joi.string.required is not a function\n    at validateReceipt (E:\\dhruvback\\models\\receipt.js:37:24)\n    at E:\\dhruvback\\routes\\receipt.js:12:23\n    at E:\\dhruvback\\node_modules\\express-async-errors\\index.js:17:20\n    at Layer.handle [as handle_request] (E:\\dhruvback\\node_modules\\express\\lib\\router\\layer.js:95:5)\n    at next (E:\\dhruvback\\node_modules\\express\\lib\\router\\route.js:137:13)\n    at Route.dispatch (E:\\dhruvback\\node_modules\\express\\lib\\router\\route.js:112:3)\n    at E:\\dhruvback\\node_modules\\express-async-errors\\index.js:17:20\n    at Layer.handle [as handle_request] (E:\\dhruvback\\node_modules\\express\\lib\\router\\layer.js:95:5)\n    at E:\\dhruvback\\node_modules\\express\\lib\\router\\index.js:281:22\n    at Function.process_params (E:\\dhruvback\\node_modules\\express\\lib\\router\\index.js:335:12)\n    at next (E:\\dhruvback\\node_modules\\express\\lib\\router\\index.js:275:10)\n    at Function.handle (E:\\dhruvback\\node_modules\\express\\lib\\router\\index.js:174:3)\n    at router (E:\\dhruvback\\node_modules\\express\\lib\\router\\index.js:47:12)\n    at E:\\dhruvback\\node_modules\\express-async-errors\\index.js:17:20\n    at Layer.handle [as handle_request] (E:\\dhruvback\\node_modules\\express\\lib\\router\\layer.js:95:5)\n    at trim_prefix (E:\\dhruvback\\node_modules\\express\\lib\\router\\index.js:317:13)","level":"error","timestamp":"2020-10-19T08:35:42.836Z"}
{"level":"info","message":"Listening on port 5000...","timestamp":"2020-10-19T08:36:17.521Z"}
{"level":"info","message":"Connected to mongodb+srv://rt:spcekota@cluster0.g3fiq.mongodb.net/dhruvinfra?retryWrites=true&w=majority...","timestamp":"2020-10-19T08:36:17.906Z"}
{"level":"info","message":"Listening on port 5000...","timestamp":"2020-10-19T08:36:24.233Z"}
{"level":"info","message":"Connected to mongodb+srv://rt:spcekota@cluster0.g3fiq.mongodb.net/dhruvinfra?retryWrites=true&w=majority...","timestamp":"2020-10-19T08:36:24.623Z"}
{"level":"info","message":"Listening on port 5000...","timestamp":"2020-10-19T08:38:14.039Z"}
{"level":"info","message":"Connected to mongodb+srv://rt:spcekota@cluster0.g3fiq.mongodb.net/dhruvinfra?retryWrites=true&w=majority...","timestamp":"2020-10-19T08:38:14.550Z"}
{"level":"info","message":"Listening on port 5000...","timestamp":"2020-10-19T08:38:20.198Z"}
{"level":"info","message":"Connected to mongodb+srv://rt:spcekota@cluster0.g3fiq.mongodb.net/dhruvinfra?retryWrites=true&w=majority...","timestamp":"2020-10-19T08:38:20.593Z"}
{"message":"Receipt validation failed: recno: Cast to Number failed for value \"NaN\" at path \"recno\"","errors":{"recno":{"message":"Cast to Number failed for value \"NaN\" at path \"recno\"","name":"CastError","stringValue":"\"NaN\"","kind":"Number","value":null,"path":"recno","reason":{"message":"Cast to number failed for value \"NaN\" at path \"recno\"","name":"CastError","stringValue":"\"NaN\"","kind":"number","value":null,"path":"recno"}}},"_message":"Receipt validation failed","stack":"ValidationError: Receipt validation failed: recno: Cast to Number failed for value \"NaN\" at path \"recno\"\n    at new ValidationError (E:\\dhruvback\\node_modules\\mongoose\\lib\\error\\validation.js:30:11)\n    at model.Document.invalidate (E:\\dhruvback\\node_modules\\mongoose\\lib\\document.js:2292:32)\n    at model.$set (E:\\dhruvback\\node_modules\\mongoose\\lib\\document.js:1112:10)\n    at model._handleIndex (E:\\dhruvback\\node_modules\\mongoose\\lib\\document.js:877:14)\n    at model.$set (E:\\dhruvback\\node_modules\\mongoose\\lib\\document.js:821:22)\n    at model.Document (E:\\dhruvback\\node_modules\\mongoose\\lib\\document.js:124:12)\n    at model.Model (E:\\dhruvback\\node_modules\\mongoose\\lib\\model.js:92:12)\n    at new model (E:\\dhruvback\\node_modules\\mongoose\\lib\\model.js:4394:15)\n    at E:\\dhruvback\\routes\\receipt.js:21:15\n    at processTicksAndRejections (internal/process/task_queues.js:97:5)","name":"ValidationError","level":"error","timestamp":"2020-10-19T08:38:38.583Z"}
{"level":"info","message":"Listening on port 5000...","timestamp":"2020-10-19T08:39:39.128Z"}
{"level":"info","message":"Connected to mongodb+srv://rt:spcekota@cluster0.g3fiq.mongodb.net/dhruvinfra?retryWrites=true&w=majority...","timestamp":"2020-10-19T08:39:39.765Z"}
{"level":"info","message":"Listening on port 5000...","timestamp":"2020-10-19T08:39:42.135Z"}
{"level":"info","message":"Connected to mongodb+srv://rt:spcekota@cluster0.g3fiq.mongodb.net/dhruvinfra?retryWrites=true&w=majority...","timestamp":"2020-10-19T08:39:42.653Z"}
{"level":"info","message":"Listening on port 5000...","timestamp":"2020-10-19T08:39:44.813Z"}
{"level":"info","message":"Connected to mongodb+srv://rt:spcekota@cluster0.g3fiq.mongodb.net/dhruvinfra?retryWrites=true&w=majority...","timestamp":"2020-10-19T08:39:45.368Z"}
{"level":"info","message":"Listening on port 5000...","timestamp":"2020-10-19T08:39:49.139Z"}
{"level":"info","message":"Connected to mongodb+srv://rt:spcekota@cluster0.g3fiq.mongodb.net/dhruvinfra?retryWrites=true&w=majority...","timestamp":"2020-10-19T08:39:49.531Z"}
{"level":"info","message":"Listening on port 5000...","timestamp":"2020-10-19T08:39:54.885Z"}
{"level":"info","message":"Connected to mongodb+srv://rt:spcekota@cluster0.g3fiq.mongodb.net/dhruvinfra?retryWrites=true&w=majority...","timestamp":"2020-10-19T08:39:55.244Z"}
{"level":"info","message":"Listening on port 5000...","timestamp":"2020-10-19T08:40:17.122Z"}
{"level":"info","message":"Connected to mongodb+srv://rt:spcekota@cluster0.g3fiq.mongodb.net/dhruvinfra?retryWrites=true&w=majority...","timestamp":"2020-10-19T08:40:17.488Z"}
{"message":"iif is not defined","stack":"ReferenceError: iif is not defined\n    at E:\\dhruvback\\routes\\receipt.js:21:22\n    at processTicksAndRejections (internal/process/task_queues.js:97:5)","level":"error","timestamp":"2020-10-19T08:40:26.704Z"}
{"level":"info","message":"Listening on port 5000...","timestamp":"2020-10-19T08:41:24.711Z"}
{"level":"info","message":"Connected to mongodb+srv://rt:spcekota@cluster0.g3fiq.mongodb.net/dhruvinfra?retryWrites=true&w=majority...","timestamp":"2020-10-19T08:41:25.093Z"}
{"level":"info","message":"Listening on port 5000...","timestamp":"2020-10-19T08:41:57.543Z"}
{"level":"info","message":"Connected to mongodb+srv://rt:spcekota@cluster0.g3fiq.mongodb.net/dhruvinfra?retryWrites=true&w=majority...","timestamp":"2020-10-19T08:41:57.980Z"}
{"level":"info","message":"Listening on port 5000...","timestamp":"2020-10-19T08:42:22.165Z"}
{"level":"info","message":"Connected to mongodb+srv://rt:spcekota@cluster0.g3fiq.mongodb.net/dhruvinfra?retryWrites=true&w=majority...","timestamp":"2020-10-19T08:42:22.536Z"}
{"message":"Receipt validation failed: recno: Cast to Number failed for value \"NaN\" at path \"recno\"","errors":{"recno":{"message":"Cast to Number failed for value \"NaN\" at path \"recno\"","name":"CastError","stringValue":"\"NaN\"","kind":"Number","value":null,"path":"recno","reason":{"message":"Cast to number failed for value \"NaN\" at path \"recno\"","name":"CastError","stringValue":"\"NaN\"","kind":"number","value":null,"path":"recno"}}},"_message":"Receipt validation failed","stack":"ValidationError: Receipt validation failed: recno: Cast to Number failed for value \"NaN\" at path \"recno\"\n    at new ValidationError (E:\\dhruvback\\node_modules\\mongoose\\lib\\error\\validation.js:30:11)\n    at model.Document.invalidate (E:\\dhruvback\\node_modules\\mongoose\\lib\\document.js:2292:32)\n    at model.$set (E:\\dhruvback\\node_modules\\mongoose\\lib\\document.js:1112:10)\n    at model._handleIndex (E:\\dhruvback\\node_modules\\mongoose\\lib\\document.js:877:14)\n    at model.$set (E:\\dhruvback\\node_modules\\mongoose\\lib\\document.js:821:22)\n    at model.Document (E:\\dhruvback\\node_modules\\mongoose\\lib\\document.js:124:12)\n    at model.Model (E:\\dhruvback\\node_modules\\mongoose\\lib\\model.js:92:12)\n    at new model (E:\\dhruvback\\node_modules\\mongoose\\lib\\model.js:4394:15)\n    at E:\\dhruvback\\routes\\receipt.js:22:15\n    at processTicksAndRejections (internal/process/task_queues.js:97:5)","name":"ValidationError","level":"error","timestamp":"2020-10-19T08:42:34.609Z"}
{"level":"info","message":"Listening on port 5000...","timestamp":"2020-10-19T09:24:02.851Z"}
{"level":"info","message":"Connected to mongodb+srv://rt:spcekota@cluster0.g3fiq.mongodb.net/dhruvinfra?retryWrites=true&w=majority...","timestamp":"2020-10-19T09:24:03.272Z"}
{"level":"info","message":"Listening on port 5000...","timestamp":"2020-10-19T09:24:15.377Z"}
{"level":"info","message":"Connected to mongodb+srv://rt:spcekota@cluster0.g3fiq.mongodb.net/dhruvinfra?retryWrites=true&w=majority...","timestamp":"2020-10-19T09:24:15.756Z"}
{"level":"info","message":"Listening on port 5000...","timestamp":"2020-10-19T09:24:18.631Z"}
{"level":"info","message":"Connected to mongodb+srv://rt:spcekota@cluster0.g3fiq.mongodb.net/dhruvinfra?retryWrites=true&w=majority...","timestamp":"2020-10-19T09:24:18.932Z"}
{"level":"info","message":"Listening on port 5000...","timestamp":"2020-10-19T09:24:24.118Z"}
{"level":"info","message":"Connected to mongodb+srv://rt:spcekota@cluster0.g3fiq.mongodb.net/dhruvinfra?retryWrites=true&w=majority...","timestamp":"2020-10-19T09:24:24.461Z"}
{"level":"info","message":"Listening on port 5000...","timestamp":"2020-10-19T09:24:27.502Z"}
{"level":"info","message":"Connected to mongodb+srv://rt:spcekota@cluster0.g3fiq.mongodb.net/dhruvinfra?retryWrites=true&w=majority...","timestamp":"2020-10-19T09:24:27.844Z"}
{"level":"info","message":"Listening on port 5000...","timestamp":"2020-10-19T09:24:30.133Z"}
{"level":"info","message":"Connected to mongodb+srv://rt:spcekota@cluster0.g3fiq.mongodb.net/dhruvinfra?retryWrites=true&w=majority...","timestamp":"2020-10-19T09:24:30.486Z"}
{"level":"info","message":"Listening on port 5000...","timestamp":"2020-10-19T09:24:36.399Z"}
{"level":"info","message":"Connected to mongodb+srv://rt:spcekota@cluster0.g3fiq.mongodb.net/dhruvinfra?retryWrites=true&w=majority...","timestamp":"2020-10-19T09:24:36.762Z"}
{"level":"info","message":"Listening on port 5000...","timestamp":"2020-10-19T09:24:41.982Z"}
{"level":"info","message":"Connected to mongodb+srv://rt:spcekota@cluster0.g3fiq.mongodb.net/dhruvinfra?retryWrites=true&w=majority...","timestamp":"2020-10-19T09:24:42.330Z"}
{"level":"info","message":"Listening on port 5000...","timestamp":"2020-10-19T09:24:52.289Z"}
{"level":"info","message":"Connected to mongodb+srv://rt:spcekota@cluster0.g3fiq.mongodb.net/dhruvinfra?retryWrites=true&w=majority...","timestamp":"2020-10-19T09:24:52.675Z"}
{"level":"info","message":"Listening on port 5000...","timestamp":"2020-10-19T09:25:08.650Z"}
{"level":"info","message":"Listening on port 5000...","timestamp":"2020-10-19T09:25:10.004Z"}
{"level":"info","message":"Connected to mongodb+srv://rt:spcekota@cluster0.g3fiq.mongodb.net/dhruvinfra?retryWrites=true&w=majority...","timestamp":"2020-10-19T09:25:10.405Z"}
{"level":"info","message":"Listening on port 5000...","timestamp":"2020-10-19T09:25:24.636Z"}
{"level":"info","message":"Connected to mongodb+srv://rt:spcekota@cluster0.g3fiq.mongodb.net/dhruvinfra?retryWrites=true&w=majority...","timestamp":"2020-10-19T09:25:25.037Z"}
{"level":"info","message":"Listening on port 5000...","timestamp":"2020-10-19T09:25:29.741Z"}
{"level":"info","message":"Connected to mongodb+srv://rt:spcekota@cluster0.g3fiq.mongodb.net/dhruvinfra?retryWrites=true&w=majority...","timestamp":"2020-10-19T09:25:30.145Z"}
{"message":"Assignment to constant variable.","stack":"TypeError: Assignment to constant variable.\n    at E:\\dhruvback\\routes\\receipt.js:21:26\n    at processTicksAndRejections (internal/process/task_queues.js:97:5)","level":"error","timestamp":"2020-10-19T09:25:37.930Z"}
{"level":"info","message":"Listening on port 5000...","timestamp":"2020-10-19T09:26:03.975Z"}
{"level":"info","message":"Connected to mongodb+srv://rt:spcekota@cluster0.g3fiq.mongodb.net/dhruvinfra?retryWrites=true&w=majority...","timestamp":"2020-10-19T09:26:04.382Z"}
{"message":"Receipt validation failed: recno: Cast to Number failed for value \"NaN\" at path \"recno\"","errors":{"recno":{"message":"Cast to Number failed for value \"NaN\" at path \"recno\"","name":"CastError","stringValue":"\"NaN\"","kind":"Number","value":null,"path":"recno","reason":{"message":"Cast to number failed for value \"NaN\" at path \"recno\"","name":"CastError","stringValue":"\"NaN\"","kind":"number","value":null,"path":"recno"}}},"_message":"Receipt validation failed","stack":"ValidationError: Receipt validation failed: recno: Cast to Number failed for value \"NaN\" at path \"recno\"\n    at new ValidationError (E:\\dhruvback\\node_modules\\mongoose\\lib\\error\\validation.js:30:11)\n    at model.Document.invalidate (E:\\dhruvback\\node_modules\\mongoose\\lib\\document.js:2292:32)\n    at model.$set (E:\\dhruvback\\node_modules\\mongoose\\lib\\document.js:1112:10)\n    at model._handleIndex (E:\\dhruvback\\node_modules\\mongoose\\lib\\document.js:877:14)\n    at model.$set (E:\\dhruvback\\node_modules\\mongoose\\lib\\document.js:821:22)\n    at model.Document (E:\\dhruvback\\node_modules\\mongoose\\lib\\document.js:124:12)\n    at model.Model (E:\\dhruvback\\node_modules\\mongoose\\lib\\model.js:92:12)\n    at new model (E:\\dhruvback\\node_modules\\mongoose\\lib\\model.js:4394:15)\n    at E:\\dhruvback\\routes\\receipt.js:23:15\n    at processTicksAndRejections (internal/process/task_queues.js:97:5)","name":"ValidationError","level":"error","timestamp":"2020-10-19T09:26:11.391Z"}
{"level":"info","message":"Listening on port 5000...","timestamp":"2020-10-19T09:27:58.865Z"}
{"level":"info","message":"Connected to mongodb+srv://rt:spcekota@cluster0.g3fiq.mongodb.net/dhruvinfra?retryWrites=true&w=majority...","timestamp":"2020-10-19T09:27:59.401Z"}
{"level":"info","message":"Listening on port 5000...","timestamp":"2020-10-19T09:28:02.678Z"}
{"level":"info","message":"Connected to mongodb+srv://rt:spcekota@cluster0.g3fiq.mongodb.net/dhruvinfra?retryWrites=true&w=majority...","timestamp":"2020-10-19T09:28:03.047Z"}
{"level":"info","message":"Listening on port 5000...","timestamp":"2020-10-19T09:28:06.076Z"}
{"level":"info","message":"Connected to mongodb+srv://rt:spcekota@cluster0.g3fiq.mongodb.net/dhruvinfra?retryWrites=true&w=majority...","timestamp":"2020-10-19T09:28:06.478Z"}
{"message":"Receipt validation failed: recno: Cast to Number failed for value \"NaN\" at path \"recno\"","errors":{"recno":{"message":"Cast to Number failed for value \"NaN\" at path \"recno\"","name":"CastError","stringValue":"\"NaN\"","kind":"Number","value":null,"path":"recno","reason":{"message":"Cast to number failed for value \"NaN\" at path \"recno\"","name":"CastError","stringValue":"\"NaN\"","kind":"number","value":null,"path":"recno"}}},"_message":"Receipt validation failed","stack":"ValidationError: Receipt validation failed: recno: Cast to Number failed for value \"NaN\" at path \"recno\"\n    at new ValidationError (E:\\dhruvback\\node_modules\\mongoose\\lib\\error\\validation.js:30:11)\n    at model.Document.invalidate (E:\\dhruvback\\node_modules\\mongoose\\lib\\document.js:2292:32)\n    at model.$set (E:\\dhruvback\\node_modules\\mongoose\\lib\\document.js:1112:10)\n    at model._handleIndex (E:\\dhruvback\\node_modules\\mongoose\\lib\\document.js:877:14)\n    at model.$set (E:\\dhruvback\\node_modules\\mongoose\\lib\\document.js:821:22)\n    at model.Document (E:\\dhruvback\\node_modules\\mongoose\\lib\\document.js:124:12)\n    at model.Model (E:\\dhruvback\\node_modules\\mongoose\\lib\\model.js:92:12)\n    at new model (E:\\dhruvback\\node_modules\\mongoose\\lib\\model.js:4394:15)\n    at E:\\dhruvback\\routes\\receipt.js:23:15\n    at processTicksAndRejections (internal/process/task_queues.js:97:5)","name":"ValidationError","level":"error","timestamp":"2020-10-19T09:28:09.557Z"}
{"level":"info","message":"Listening on port 5000...","timestamp":"2020-10-19T09:28:38.353Z"}
{"level":"info","message":"Connected to mongodb+srv://rt:spcekota@cluster0.g3fiq.mongodb.net/dhruvinfra?retryWrites=true&w=majority...","timestamp":"2020-10-19T09:28:38.758Z"}
{"message":"Receipt validation failed: recno: Cast to Number failed for value \"NaN\" at path \"recno\"","errors":{"recno":{"message":"Cast to Number failed for value \"NaN\" at path \"recno\"","name":"CastError","stringValue":"\"NaN\"","kind":"Number","value":null,"path":"recno","reason":{"message":"Cast to number failed for value \"NaN\" at path \"recno\"","name":"CastError","stringValue":"\"NaN\"","kind":"number","value":null,"path":"recno"}}},"_message":"Receipt validation failed","stack":"ValidationError: Receipt validation failed: recno: Cast to Number failed for value \"NaN\" at path \"recno\"\n    at new ValidationError (E:\\dhruvback\\node_modules\\mongoose\\lib\\error\\validation.js:30:11)\n    at model.Document.invalidate (E:\\dhruvback\\node_modules\\mongoose\\lib\\document.js:2292:32)\n    at model.$set (E:\\dhruvback\\node_modules\\mongoose\\lib\\document.js:1112:10)\n    at model._handleIndex (E:\\dhruvback\\node_modules\\mongoose\\lib\\document.js:877:14)\n    at model.$set (E:\\dhruvback\\node_modules\\mongoose\\lib\\document.js:821:22)\n    at model.Document (E:\\dhruvback\\node_modules\\mongoose\\lib\\document.js:124:12)\n    at model.Model (E:\\dhruvback\\node_modules\\mongoose\\lib\\model.js:92:12)\n    at new model (E:\\dhruvback\\node_modules\\mongoose\\lib\\model.js:4394:15)\n    at E:\\dhruvback\\routes\\receipt.js:23:15\n    at processTicksAndRejections (internal/process/task_queues.js:97:5)","name":"ValidationError","level":"error","timestamp":"2020-10-19T09:28:43.294Z"}
{"level":"info","message":"Listening on port 5000...","timestamp":"2020-10-19T09:29:28.713Z"}
{"level":"info","message":"Connected to mongodb+srv://rt:spcekota@cluster0.g3fiq.mongodb.net/dhruvinfra?retryWrites=true&w=majority...","timestamp":"2020-10-19T09:29:29.165Z"}
{"level":"info","message":"Listening on port 5000...","timestamp":"2020-10-19T09:30:26.919Z"}
{"level":"info","message":"Connected to mongodb+srv://rt:spcekota@cluster0.g3fiq.mongodb.net/dhruvinfra?retryWrites=true&w=majority...","timestamp":"2020-10-19T09:30:27.326Z"}
{"level":"info","message":"Listening on port 5000...","timestamp":"2020-10-19T09:30:36.804Z"}
{"level":"info","message":"Connected to mongodb+srv://rt:spcekota@cluster0.g3fiq.mongodb.net/dhruvinfra?retryWrites=true&w=majority...","timestamp":"2020-10-19T09:30:37.204Z"}
{"level":"info","message":"Listening on port 5000...","timestamp":"2020-10-19T09:42:54.151Z"}
{"level":"info","message":"Connected to mongodb+srv://rt:spcekota@cluster0.g3fiq.mongodb.net/dhruvinfra?retryWrites=true&w=majority...","timestamp":"2020-10-19T09:42:54.602Z"}
{"level":"info","message":"Listening on port 5000...","timestamp":"2020-10-19T09:42:56.457Z"}
{"level":"info","message":"Connected to mongodb+srv://rt:spcekota@cluster0.g3fiq.mongodb.net/dhruvinfra?retryWrites=true&w=majority...","timestamp":"2020-10-19T09:42:56.827Z"}
{"level":"info","message":"Listening on port 5000...","timestamp":"2020-10-19T09:43:49.845Z"}
{"level":"info","message":"Connected to mongodb+srv://rt:spcekota@cluster0.g3fiq.mongodb.net/dhruvinfra?retryWrites=true&w=majority...","timestamp":"2020-10-19T09:43:50.236Z"}
{"level":"info","message":"Listening on port 5000...","timestamp":"2020-10-19T09:45:57.758Z"}
{"level":"info","message":"Connected to mongodb+srv://rt:spcekota@cluster0.g3fiq.mongodb.net/dhruvinfra?retryWrites=true&w=majority...","timestamp":"2020-10-19T09:45:58.160Z"}
{"level":"info","message":"Listening on port 5000...","timestamp":"2020-10-19T09:49:45.154Z"}
{"level":"info","message":"Connected to mongodb+srv://rt:spcekota@cluster0.g3fiq.mongodb.net/dhruvinfra?retryWrites=true&w=majority...","timestamp":"2020-10-19T09:49:45.567Z"}
{"level":"info","message":"Listening on port 5000...","timestamp":"2020-10-19T09:49:52.068Z"}
{"level":"info","message":"Connected to mongodb+srv://rt:spcekota@cluster0.g3fiq.mongodb.net/dhruvinfra?retryWrites=true&w=majority...","timestamp":"2020-10-19T09:49:52.514Z"}
{"level":"info","message":"Listening on port 5000...","timestamp":"2020-10-19T14:01:54.078Z"}
{"level":"info","message":"Connected to mongodb+srv://rt:spcekota@cluster0.g3fiq.mongodb.net/dhruvinfra?retryWrites=true&w=majority...","timestamp":"2020-10-19T14:01:54.494Z"}
{"message":"connections is not defined","stack":"ReferenceError: connections is not defined\n    at E:\\dhruvback\\routes\\users.js:27:12\n    at E:\\dhruvback\\node_modules\\express-async-errors\\index.js:17:20\n    at Layer.handle [as handle_request] (E:\\dhruvback\\node_modules\\express\\lib\\router\\layer.js:95:5)\n    at next (E:\\dhruvback\\node_modules\\express\\lib\\router\\route.js:137:13)\n    at Route.dispatch (E:\\dhruvback\\node_modules\\express\\lib\\router\\route.js:112:3)\n    at E:\\dhruvback\\node_modules\\express-async-errors\\index.js:17:20\n    at Layer.handle [as handle_request] (E:\\dhruvback\\node_modules\\express\\lib\\router\\layer.js:95:5)\n    at E:\\dhruvback\\node_modules\\express\\lib\\router\\index.js:281:22\n    at param (E:\\dhruvback\\node_modules\\express\\lib\\router\\index.js:354:14)\n    at param (E:\\dhruvback\\node_modules\\express\\lib\\router\\index.js:365:14)\n    at Function.process_params (E:\\dhruvback\\node_modules\\express\\lib\\router\\index.js:410:3)\n    at next (E:\\dhruvback\\node_modules\\express\\lib\\router\\index.js:275:10)\n    at Function.handle (E:\\dhruvback\\node_modules\\express\\lib\\router\\index.js:174:3)\n    at router (E:\\dhruvback\\node_modules\\express\\lib\\router\\index.js:47:12)\n    at E:\\dhruvback\\node_modules\\express-async-errors\\index.js:17:20\n    at Layer.handle [as handle_request] (E:\\dhruvback\\node_modules\\express\\lib\\router\\layer.js:95:5)","level":"error","timestamp":"2020-10-19T14:02:29.799Z"}
{"level":"info","message":"Listening on port 5000...","timestamp":"2020-10-19T14:04:37.895Z"}
{"level":"info","message":"Connected to mongodb+srv://rt:spcekota@cluster0.g3fiq.mongodb.net/dhruvinfra?retryWrites=true&w=majority...","timestamp":"2020-10-19T14:04:38.344Z"}
{"level":"info","message":"Listening on port 5000...","timestamp":"2020-10-19T14:04:41.716Z"}
{"level":"info","message":"Listening on port 5000...","timestamp":"2020-10-19T14:04:43.009Z"}
{"level":"info","message":"Connected to mongodb+srv://rt:spcekota@cluster0.g3fiq.mongodb.net/dhruvinfra?retryWrites=true&w=majority...","timestamp":"2020-10-19T14:04:43.424Z"}
{"level":"info","message":"Listening on port 5000...","timestamp":"2020-10-19T14:05:55.374Z"}
{"level":"info","message":"Connected to mongodb+srv://rt:spcekota@cluster0.g3fiq.mongodb.net/dhruvinfra?retryWrites=true&w=majority...","timestamp":"2020-10-19T14:05:55.782Z"}
{"level":"info","message":"Listening on port 5000...","timestamp":"2020-10-19T14:06:01.072Z"}
{"level":"info","message":"Connected to mongodb+srv://rt:spcekota@cluster0.g3fiq.mongodb.net/dhruvinfra?retryWrites=true&w=majority...","timestamp":"2020-10-19T14:06:01.499Z"}
{"level":"info","message":"Listening on port 5000...","timestamp":"2020-10-19T14:06:05.136Z"}
{"level":"info","message":"Connected to mongodb+srv://rt:spcekota@cluster0.g3fiq.mongodb.net/dhruvinfra?retryWrites=true&w=majority...","timestamp":"2020-10-19T14:06:05.524Z"}
{"level":"info","message":"Listening on port 5000...","timestamp":"2020-10-19T14:06:13.416Z"}
{"level":"info","message":"Connected to mongodb+srv://rt:spcekota@cluster0.g3fiq.mongodb.net/dhruvinfra?retryWrites=true&w=majority...","timestamp":"2020-10-19T14:06:13.859Z"}
{"level":"info","message":"Listening on port 5000...","timestamp":"2020-10-19T14:06:20.712Z"}
{"level":"info","message":"Connected to mongodb+srv://rt:spcekota@cluster0.g3fiq.mongodb.net/dhruvinfra?retryWrites=true&w=majority...","timestamp":"2020-10-19T14:06:21.097Z"}
{"level":"info","message":"Listening on port 5000...","timestamp":"2020-10-19T14:06:23.828Z"}
{"level":"info","message":"Connected to mongodb+srv://rt:spcekota@cluster0.g3fiq.mongodb.net/dhruvinfra?retryWrites=true&w=majority...","timestamp":"2020-10-19T14:06:24.210Z"}
{"level":"info","message":"Listening on port 5000...","timestamp":"2020-10-19T14:06:28.451Z"}
{"level":"info","message":"Listening on port 5000...","timestamp":"2020-10-19T14:06:29.682Z"}
{"level":"info","message":"Connected to mongodb+srv://rt:spcekota@cluster0.g3fiq.mongodb.net/dhruvinfra?retryWrites=true&w=majority...","timestamp":"2020-10-19T14:06:30.078Z"}
{"level":"info","message":"Listening on port 5000...","timestamp":"2020-10-19T14:06:31.422Z"}
{"level":"info","message":"Connected to mongodb+srv://rt:spcekota@cluster0.g3fiq.mongodb.net/dhruvinfra?retryWrites=true&w=majority...","timestamp":"2020-10-19T14:06:31.794Z"}
{"level":"info","message":"Listening on port 5000...","timestamp":"2020-10-19T14:07:25.998Z"}
{"level":"info","message":"Connected to mongodb+srv://rt:spcekota@cluster0.g3fiq.mongodb.net/dhruvinfra?retryWrites=true&w=majority...","timestamp":"2020-10-19T14:07:26.388Z"}
{"level":"info","message":"Listening on port 5000...","timestamp":"2020-10-19T14:07:27.618Z"}
{"level":"info","message":"Connected to mongodb+srv://rt:spcekota@cluster0.g3fiq.mongodb.net/dhruvinfra?retryWrites=true&w=majority...","timestamp":"2020-10-19T14:07:28.035Z"}
{"level":"info","message":"Listening on port 5000...","timestamp":"2020-10-19T14:07:30.551Z"}
{"level":"info","message":"Connected to mongodb+srv://rt:spcekota@cluster0.g3fiq.mongodb.net/dhruvinfra?retryWrites=true&w=majority...","timestamp":"2020-10-19T14:07:30.953Z"}
{"level":"info","message":"Listening on port 5000...","timestamp":"2020-10-19T14:15:06.510Z"}
{"level":"info","message":"Connected to mongodb+srv://rt:spcekota@cluster0.g3fiq.mongodb.net/dhruvinfra?retryWrites=true&w=majority...","timestamp":"2020-10-19T14:15:06.930Z"}
{"level":"info","message":"Listening on port 5000...","timestamp":"2020-10-19T14:29:31.877Z"}
{"level":"info","message":"Connected to mongodb+srv://rt:spcekota@cluster0.g3fiq.mongodb.net/dhruvinfra?retryWrites=true&w=majority...","timestamp":"2020-10-19T14:29:32.261Z"}
{"level":"info","message":"Listening on port 5000...","timestamp":"2020-10-19T14:31:25.354Z"}
{"level":"info","message":"Connected to mongodb+srv://rt:spcekota@cluster0.g3fiq.mongodb.net/dhruvinfra?retryWrites=true&w=majority...","timestamp":"2020-10-19T14:31:25.722Z"}
{"level":"info","message":"Listening on port 5000...","timestamp":"2020-10-19T14:32:50.890Z"}
{"level":"info","message":"Connected to mongodb+srv://rt:spcekota@cluster0.g3fiq.mongodb.net/dhruvinfra?retryWrites=true&w=majority...","timestamp":"2020-10-19T14:32:51.282Z"}
{"level":"info","message":"Listening on port 5000...","timestamp":"2020-10-19T14:33:03.991Z"}
{"level":"info","message":"Connected to mongodb+srv://rt:spcekota@cluster0.g3fiq.mongodb.net/dhruvinfra?retryWrites=true&w=majority...","timestamp":"2020-10-19T14:33:04.361Z"}
{"level":"info","message":"Listening on port 5000...","timestamp":"2020-10-19T14:33:09.482Z"}
{"level":"info","message":"Connected to mongodb+srv://rt:spcekota@cluster0.g3fiq.mongodb.net/dhruvinfra?retryWrites=true&w=majority...","timestamp":"2020-10-19T14:33:09.860Z"}
{"level":"info","message":"Listening on port 5000...","timestamp":"2020-10-19T14:33:21.103Z"}
{"level":"info","message":"Connected to mongodb+srv://rt:spcekota@cluster0.g3fiq.mongodb.net/dhruvinfra?retryWrites=true&w=majority...","timestamp":"2020-10-19T14:33:21.519Z"}
{"level":"info","message":"Listening on port 5000...","timestamp":"2020-10-19T14:35:32.119Z"}
{"level":"info","message":"Connected to mongodb+srv://rt:spcekota@cluster0.g3fiq.mongodb.net/dhruvinfra?retryWrites=true&w=majority...","timestamp":"2020-10-19T14:35:32.567Z"}
{"message":"aggregate is not defined","stack":"ReferenceError: aggregate is not defined\n    at E:\\dhruvback\\routes\\users.js:14:16\n    at E:\\dhruvback\\node_modules\\express-async-errors\\index.js:17:20\n    at Layer.handle [as handle_request] (E:\\dhruvback\\node_modules\\express\\lib\\router\\layer.js:95:5)\n    at next (E:\\dhruvback\\node_modules\\express\\lib\\router\\route.js:137:13)\n    at Route.dispatch (E:\\dhruvback\\node_modules\\express\\lib\\router\\route.js:112:3)\n    at E:\\dhruvback\\node_modules\\express-async-errors\\index.js:17:20\n    at Layer.handle [as handle_request] (E:\\dhruvback\\node_modules\\express\\lib\\router\\layer.js:95:5)\n    at E:\\dhruvback\\node_modules\\express\\lib\\router\\index.js:281:22\n    at param (E:\\dhruvback\\node_modules\\express\\lib\\router\\index.js:354:14)\n    at param (E:\\dhruvback\\node_modules\\express\\lib\\router\\index.js:365:14)\n    at Function.process_params (E:\\dhruvback\\node_modules\\express\\lib\\router\\index.js:410:3)\n    at next (E:\\dhruvback\\node_modules\\express\\lib\\router\\index.js:275:10)\n    at Function.handle (E:\\dhruvback\\node_modules\\express\\lib\\router\\index.js:174:3)\n    at router (E:\\dhruvback\\node_modules\\express\\lib\\router\\index.js:47:12)\n    at E:\\dhruvback\\node_modules\\express-async-errors\\index.js:17:20\n    at Layer.handle [as handle_request] (E:\\dhruvback\\node_modules\\express\\lib\\router\\layer.js:95:5)","level":"error","timestamp":"2020-10-19T14:35:49.946Z"}
{"level":"info","message":"Listening on port 5000...","timestamp":"2020-10-19T14:36:20.308Z"}
{"level":"info","message":"Connected to mongodb+srv://rt:spcekota@cluster0.g3fiq.mongodb.net/dhruvinfra?retryWrites=true&w=majority...","timestamp":"2020-10-19T14:36:20.676Z"}
{"level":"info","message":"Listening on port 5000...","timestamp":"2020-10-19T14:37:10.636Z"}
{"level":"info","message":"Connected to mongodb+srv://rt:spcekota@cluster0.g3fiq.mongodb.net/dhruvinfra?retryWrites=true&w=majority...","timestamp":"2020-10-19T14:37:11.021Z"}
{"level":"info","message":"Listening on port 5000...","timestamp":"2020-10-19T14:38:03.175Z"}
{"level":"info","message":"Connected to mongodb+srv://rt:spcekota@cluster0.g3fiq.mongodb.net/dhruvinfra?retryWrites=true&w=majority...","timestamp":"2020-10-19T14:38:03.605Z"}
{"level":"info","message":"Listening on port 5000...","timestamp":"2020-10-19T14:38:24.571Z"}
{"level":"info","message":"Connected to mongodb+srv://rt:spcekota@cluster0.g3fiq.mongodb.net/dhruvinfra?retryWrites=true&w=majority...","timestamp":"2020-10-19T14:38:25.022Z"}
{"message":"User.aggregate.match is not a function","stack":"TypeError: User.aggregate.match is not a function\n    at E:\\dhruvback\\routes\\users.js:15:6\n    at E:\\dhruvback\\node_modules\\express-async-errors\\index.js:17:20\n    at Layer.handle [as handle_request] (E:\\dhruvback\\node_modules\\express\\lib\\router\\layer.js:95:5)\n    at next (E:\\dhruvback\\node_modules\\express\\lib\\router\\route.js:137:13)\n    at Route.dispatch (E:\\dhruvback\\node_modules\\express\\lib\\router\\route.js:112:3)\n    at E:\\dhruvback\\node_modules\\express-async-errors\\index.js:17:20\n    at Layer.handle [as handle_request] (E:\\dhruvback\\node_modules\\express\\lib\\router\\layer.js:95:5)\n    at E:\\dhruvback\\node_modules\\express\\lib\\router\\index.js:281:22\n    at param (E:\\dhruvback\\node_modules\\express\\lib\\router\\index.js:354:14)\n    at param (E:\\dhruvback\\node_modules\\express\\lib\\router\\index.js:365:14)\n    at Function.process_params (E:\\dhruvback\\node_modules\\express\\lib\\router\\index.js:410:3)\n    at next (E:\\dhruvback\\node_modules\\express\\lib\\router\\index.js:275:10)\n    at Function.handle (E:\\dhruvback\\node_modules\\express\\lib\\router\\index.js:174:3)\n    at router (E:\\dhruvback\\node_modules\\express\\lib\\router\\index.js:47:12)\n    at E:\\dhruvback\\node_modules\\express-async-errors\\index.js:17:20\n    at Layer.handle [as handle_request] (E:\\dhruvback\\node_modules\\express\\lib\\router\\layer.js:95:5)","level":"error","timestamp":"2020-10-19T14:38:50.383Z"}
{"level":"info","message":"Listening on port 5000...","timestamp":"2020-10-19T14:39:58.180Z"}
{"level":"info","message":"Connected to mongodb+srv://rt:spcekota@cluster0.g3fiq.mongodb.net/dhruvinfra?retryWrites=true&w=majority...","timestamp":"2020-10-19T14:39:58.649Z"}
{"level":"info","message":"Listening on port 5000...","timestamp":"2020-10-19T14:40:06.618Z"}
{"level":"info","message":"Listening on port 5000...","timestamp":"2020-10-19T14:40:10.642Z"}
{"level":"info","message":"Connected to mongodb+srv://rt:spcekota@cluster0.g3fiq.mongodb.net/dhruvinfra?retryWrites=true&w=majority...","timestamp":"2020-10-19T14:40:11.065Z"}
{"level":"info","message":"Listening on port 5000...","timestamp":"2020-10-19T14:40:19.540Z"}
{"level":"info","message":"Connected to mongodb+srv://rt:spcekota@cluster0.g3fiq.mongodb.net/dhruvinfra?retryWrites=true&w=majority...","timestamp":"2020-10-19T14:40:19.915Z"}
{"message":"mongoose.Aggregate.match is not a function","stack":"TypeError: mongoose.Aggregate.match is not a function\n    at E:\\dhruvback\\routes\\users.js:16:6\n    at E:\\dhruvback\\node_modules\\express-async-errors\\index.js:17:20\n    at Layer.handle [as handle_request] (E:\\dhruvback\\node_modules\\express\\lib\\router\\layer.js:95:5)\n    at next (E:\\dhruvback\\node_modules\\express\\lib\\router\\route.js:137:13)\n    at Route.dispatch (E:\\dhruvback\\node_modules\\express\\lib\\router\\route.js:112:3)\n    at E:\\dhruvback\\node_modules\\express-async-errors\\index.js:17:20\n    at Layer.handle [as handle_request] (E:\\dhruvback\\node_modules\\express\\lib\\router\\layer.js:95:5)\n    at E:\\dhruvback\\node_modules\\express\\lib\\router\\index.js:281:22\n    at param (E:\\dhruvback\\node_modules\\express\\lib\\router\\index.js:354:14)\n    at param (E:\\dhruvback\\node_modules\\express\\lib\\router\\index.js:365:14)\n    at Function.process_params (E:\\dhruvback\\node_modules\\express\\lib\\router\\index.js:410:3)\n    at next (E:\\dhruvback\\node_modules\\express\\lib\\router\\index.js:275:10)\n    at Function.handle (E:\\dhruvback\\node_modules\\express\\lib\\router\\index.js:174:3)\n    at router (E:\\dhruvback\\node_modules\\express\\lib\\router\\index.js:47:12)\n    at E:\\dhruvback\\node_modules\\express-async-errors\\index.js:17:20\n    at Layer.handle [as handle_request] (E:\\dhruvback\\node_modules\\express\\lib\\router\\layer.js:95:5)","level":"error","timestamp":"2020-10-19T14:40:31.016Z"}
{"level":"info","message":"Listening on port 5000...","timestamp":"2020-10-19T14:40:58.515Z"}
{"level":"info","message":"Connected to mongodb+srv://rt:spcekota@cluster0.g3fiq.mongodb.net/dhruvinfra?retryWrites=true&w=majority...","timestamp":"2020-10-19T14:40:58.961Z"}
{"level":"info","message":"Listening on port 5000...","timestamp":"2020-10-19T14:41:00.491Z"}
{"level":"info","message":"Connected to mongodb+srv://rt:spcekota@cluster0.g3fiq.mongodb.net/dhruvinfra?retryWrites=true&w=majority...","timestamp":"2020-10-19T14:41:00.913Z"}
{"level":"info","message":"Listening on port 5000...","timestamp":"2020-10-19T14:41:05.839Z"}
{"level":"info","message":"Connected to mongodb+srv://rt:spcekota@cluster0.g3fiq.mongodb.net/dhruvinfra?retryWrites=true&w=majority...","timestamp":"2020-10-19T14:41:06.271Z"}
{"message":"match is not defined","stack":"ReferenceError: match is not defined\n    at E:\\dhruvback\\routes\\users.js:15:25\n    at E:\\dhruvback\\node_modules\\express-async-errors\\index.js:17:20\n    at Layer.handle [as handle_request] (E:\\dhruvback\\node_modules\\express\\lib\\router\\layer.js:95:5)\n    at next (E:\\dhruvback\\node_modules\\express\\lib\\router\\route.js:137:13)\n    at Route.dispatch (E:\\dhruvback\\node_modules\\express\\lib\\router\\route.js:112:3)\n    at E:\\dhruvback\\node_modules\\express-async-errors\\index.js:17:20\n    at Layer.handle [as handle_request] (E:\\dhruvback\\node_modules\\express\\lib\\router\\layer.js:95:5)\n    at E:\\dhruvback\\node_modules\\express\\lib\\router\\index.js:281:22\n    at param (E:\\dhruvback\\node_modules\\express\\lib\\router\\index.js:354:14)\n    at param (E:\\dhruvback\\node_modules\\express\\lib\\router\\index.js:365:14)\n    at Function.process_params (E:\\dhruvback\\node_modules\\express\\lib\\router\\index.js:410:3)\n    at next (E:\\dhruvback\\node_modules\\express\\lib\\router\\index.js:275:10)\n    at Function.handle (E:\\dhruvback\\node_modules\\express\\lib\\router\\index.js:174:3)\n    at router (E:\\dhruvback\\node_modules\\express\\lib\\router\\index.js:47:12)\n    at E:\\dhruvback\\node_modules\\express-async-errors\\index.js:17:20\n    at Layer.handle [as handle_request] (E:\\dhruvback\\node_modules\\express\\lib\\router\\layer.js:95:5)","level":"error","timestamp":"2020-10-19T14:41:19.051Z"}
{"level":"info","message":"Listening on port 5000...","timestamp":"2020-10-19T14:43:03.837Z"}
{"level":"info","message":"Connected to mongodb+srv://rt:spcekota@cluster0.g3fiq.mongodb.net/dhruvinfra?retryWrites=true&w=majority...","timestamp":"2020-10-19T14:43:04.254Z"}
{"level":"info","message":"Listening on port 5000...","timestamp":"2020-10-19T14:43:14.605Z"}
{"level":"info","message":"Connected to mongodb+srv://rt:spcekota@cluster0.g3fiq.mongodb.net/dhruvinfra?retryWrites=true&w=majority...","timestamp":"2020-10-19T14:43:14.976Z"}
{"level":"info","message":"Listening on port 5000...","timestamp":"2020-10-19T14:44:17.605Z"}
{"level":"info","message":"Connected to mongodb+srv://rt:spcekota@cluster0.g3fiq.mongodb.net/dhruvinfra?retryWrites=true&w=majority...","timestamp":"2020-10-19T14:44:18.022Z"}
{"level":"info","message":"Listening on port 5000...","timestamp":"2020-10-19T14:44:19.818Z"}
{"level":"info","message":"Connected to mongodb+srv://rt:spcekota@cluster0.g3fiq.mongodb.net/dhruvinfra?retryWrites=true&w=majority...","timestamp":"2020-10-19T14:44:20.204Z"}
{"message":"$match is not defined","stack":"ReferenceError: $match is not defined\n    at E:\\dhruvback\\routes\\users.js:15:21\n    at E:\\dhruvback\\node_modules\\express-async-errors\\index.js:17:20\n    at Layer.handle [as handle_request] (E:\\dhruvback\\node_modules\\express\\lib\\router\\layer.js:95:5)\n    at next (E:\\dhruvback\\node_modules\\express\\lib\\router\\route.js:137:13)\n    at Route.dispatch (E:\\dhruvback\\node_modules\\express\\lib\\router\\route.js:112:3)\n    at E:\\dhruvback\\node_modules\\express-async-errors\\index.js:17:20\n    at Layer.handle [as handle_request] (E:\\dhruvback\\node_modules\\express\\lib\\router\\layer.js:95:5)\n    at E:\\dhruvback\\node_modules\\express\\lib\\router\\index.js:281:22\n    at param (E:\\dhruvback\\node_modules\\express\\lib\\router\\index.js:354:14)\n    at param (E:\\dhruvback\\node_modules\\express\\lib\\router\\index.js:365:14)\n    at Function.process_params (E:\\dhruvback\\node_modules\\express\\lib\\router\\index.js:410:3)\n    at next (E:\\dhruvback\\node_modules\\express\\lib\\router\\index.js:275:10)\n    at Function.handle (E:\\dhruvback\\node_modules\\express\\lib\\router\\index.js:174:3)\n    at router (E:\\dhruvback\\node_modules\\express\\lib\\router\\index.js:47:12)\n    at E:\\dhruvback\\node_modules\\express-async-errors\\index.js:17:20\n    at Layer.handle [as handle_request] (E:\\dhruvback\\node_modules\\express\\lib\\router\\layer.js:95:5)","level":"error","timestamp":"2020-10-19T14:44:30.003Z"}
{"level":"info","message":"Listening on port 5000...","timestamp":"2020-10-19T14:47:35.838Z"}
{"level":"info","message":"Connected to mongodb+srv://rt:spcekota@cluster0.g3fiq.mongodb.net/dhruvinfra?retryWrites=true&w=majority...","timestamp":"2020-10-19T14:47:36.262Z"}
{"level":"info","message":"Listening on port 5000...","timestamp":"2020-10-19T14:48:39.034Z"}
{"level":"info","message":"Connected to mongodb+srv://rt:spcekota@cluster0.g3fiq.mongodb.net/dhruvinfra?retryWrites=true&w=majority...","timestamp":"2020-10-19T14:48:39.476Z"}
{"level":"info","message":"Listening on port 5000...","timestamp":"2020-10-19T14:48:43.387Z"}
{"level":"info","message":"Connected to mongodb+srv://rt:spcekota@cluster0.g3fiq.mongodb.net/dhruvinfra?retryWrites=true&w=majority...","timestamp":"2020-10-19T14:48:43.773Z"}
{"level":"info","message":"Listening on port 5000...","timestamp":"2020-10-19T14:48:49.260Z"}
{"level":"info","message":"Listening on port 5000...","timestamp":"2020-10-19T14:48:51.956Z"}
{"level":"info","message":"Connected to mongodb+srv://rt:spcekota@cluster0.g3fiq.mongodb.net/dhruvinfra?retryWrites=true&w=majority...","timestamp":"2020-10-19T14:48:52.338Z"}
{"level":"info","message":"Listening on port 5000...","timestamp":"2020-10-19T14:48:56.409Z"}
{"level":"info","message":"Connected to mongodb+srv://rt:spcekota@cluster0.g3fiq.mongodb.net/dhruvinfra?retryWrites=true&w=majority...","timestamp":"2020-10-19T14:48:56.814Z"}
{"message":"`Model.aggregate()` cannot run without a model as `this`. Make sure you are not calling `new Model.aggregate()`","stack":"MongooseError: `Model.aggregate()` cannot run without a model as `this`. Make sure you are not calling `new Model.aggregate()`\n    at new MongooseError (E:\\dhruvback\\node_modules\\mongoose\\lib\\error\\mongooseError.js:10:11)\n    at _checkContext (E:\\dhruvback\\node_modules\\mongoose\\lib\\model.js:1129:11)\n    at Function.aggregate (E:\\dhruvback\\node_modules\\mongoose\\lib\\model.js:3826:3)\n    at E:\\dhruvback\\routes\\users.js:15:31\n    at E:\\dhruvback\\node_modules\\express-async-errors\\index.js:17:20\n    at Layer.handle [as handle_request] (E:\\dhruvback\\node_modules\\express\\lib\\router\\layer.js:95:5)\n    at next (E:\\dhruvback\\node_modules\\express\\lib\\router\\route.js:137:13)\n    at Route.dispatch (E:\\dhruvback\\node_modules\\express\\lib\\router\\route.js:112:3)\n    at E:\\dhruvback\\node_modules\\express-async-errors\\index.js:17:20\n    at Layer.handle [as handle_request] (E:\\dhruvback\\node_modules\\express\\lib\\router\\layer.js:95:5)\n    at E:\\dhruvback\\node_modules\\express\\lib\\router\\index.js:281:22\n    at param (E:\\dhruvback\\node_modules\\express\\lib\\router\\index.js:354:14)\n    at param (E:\\dhruvback\\node_modules\\express\\lib\\router\\index.js:365:14)\n    at Function.process_params (E:\\dhruvback\\node_modules\\express\\lib\\router\\index.js:410:3)\n    at next (E:\\dhruvback\\node_modules\\express\\lib\\router\\index.js:275:10)\n    at Function.handle (E:\\dhruvback\\node_modules\\express\\lib\\router\\index.js:174:3)","name":"MongooseError","level":"error","timestamp":"2020-10-19T14:49:03.288Z"}
{"level":"info","message":"Listening on port 5000...","timestamp":"2020-10-19T14:49:48.184Z"}
{"level":"info","message":"Connected to mongodb+srv://rt:spcekota@cluster0.g3fiq.mongodb.net/dhruvinfra?retryWrites=true&w=majority...","timestamp":"2020-10-19T14:49:48.572Z"}
{"level":"info","message":"Listening on port 5000...","timestamp":"2020-10-19T14:53:43.082Z"}
{"level":"info","message":"Connected to mongodb+srv://rt:spcekota@cluster0.g3fiq.mongodb.net/dhruvinfra?retryWrites=true&w=majority...","timestamp":"2020-10-19T14:53:43.439Z"}
{"level":"info","message":"Listening on port 5000...","timestamp":"2020-10-19T14:53:59.766Z"}
{"level":"info","message":"Connected to mongodb+srv://rt:spcekota@cluster0.g3fiq.mongodb.net/dhruvinfra?retryWrites=true&w=majority...","timestamp":"2020-10-19T14:54:00.170Z"}
{"level":"info","message":"Listening on port 5000...","timestamp":"2020-10-19T14:54:12.969Z"}
{"level":"info","message":"Connected to mongodb+srv://rt:spcekota@cluster0.g3fiq.mongodb.net/dhruvinfra?retryWrites=true&w=majority...","timestamp":"2020-10-19T14:54:13.404Z"}
{"level":"info","message":"Listening on port 5000...","timestamp":"2020-10-19T15:00:18.864Z"}
{"level":"info","message":"Connected to mongodb+srv://rt:spcekota@cluster0.g3fiq.mongodb.net/dhruvinfra?retryWrites=true&w=majority...","timestamp":"2020-10-19T15:00:19.250Z"}
{"level":"info","message":"Listening on port 5000...","timestamp":"2020-10-19T15:00:23.515Z"}
{"level":"info","message":"Connected to mongodb+srv://rt:spcekota@cluster0.g3fiq.mongodb.net/dhruvinfra?retryWrites=true&w=majority...","timestamp":"2020-10-19T15:00:23.882Z"}
{"level":"info","message":"Listening on port 5000...","timestamp":"2020-10-19T15:00:46.875Z"}
{"level":"info","message":"Connected to mongodb+srv://rt:spcekota@cluster0.g3fiq.mongodb.net/dhruvinfra?retryWrites=true&w=majority...","timestamp":"2020-10-19T15:00:47.250Z"}
{"level":"info","message":"Listening on port 5000...","timestamp":"2020-10-19T15:00:56.463Z"}
{"level":"info","message":"Connected to mongodb+srv://rt:spcekota@cluster0.g3fiq.mongodb.net/dhruvinfra?retryWrites=true&w=majority...","timestamp":"2020-10-19T15:00:56.841Z"}
{"level":"info","message":"Listening on port 5000...","timestamp":"2020-10-19T15:01:00.068Z"}
{"level":"info","message":"Connected to mongodb+srv://rt:spcekota@cluster0.g3fiq.mongodb.net/dhruvinfra?retryWrites=true&w=majority...","timestamp":"2020-10-19T15:01:00.461Z"}
{"level":"info","message":"Listening on port 5000...","timestamp":"2020-10-19T15:01:54.748Z"}
{"level":"info","message":"Connected to mongodb+srv://rt:spcekota@cluster0.g3fiq.mongodb.net/dhruvinfra?retryWrites=true&w=majority...","timestamp":"2020-10-19T15:01:55.131Z"}
{"level":"info","message":"Listening on port 5000...","timestamp":"2020-10-19T15:02:04.113Z"}
{"level":"info","message":"Connected to mongodb+srv://rt:spcekota@cluster0.g3fiq.mongodb.net/dhruvinfra?retryWrites=true&w=majority...","timestamp":"2020-10-19T15:02:04.492Z"}
{"level":"info","message":"Listening on port 5000...","timestamp":"2020-10-19T15:03:20.657Z"}
{"level":"info","message":"Listening on port 5000...","timestamp":"2020-10-19T15:03:21.976Z"}
{"level":"info","message":"Connected to mongodb+srv://rt:spcekota@cluster0.g3fiq.mongodb.net/dhruvinfra?retryWrites=true&w=majority...","timestamp":"2020-10-19T15:03:22.377Z"}
{"level":"info","message":"Listening on port 5000...","timestamp":"2020-10-19T15:04:28.976Z"}
{"level":"info","message":"Connected to mongodb+srv://rt:spcekota@cluster0.g3fiq.mongodb.net/dhruvinfra?retryWrites=true&w=majority...","timestamp":"2020-10-19T15:04:29.430Z"}
{"level":"info","message":"Listening on port 5000...","timestamp":"2020-10-19T15:05:54.624Z"}
{"level":"info","message":"Connected to mongodb+srv://rt:spcekota@cluster0.g3fiq.mongodb.net/dhruvinfra?retryWrites=true&w=majority...","timestamp":"2020-10-19T15:05:55.032Z"}
{"level":"info","message":"Listening on port 5000...","timestamp":"2020-10-19T15:05:57.648Z"}
{"level":"info","message":"Connected to mongodb+srv://rt:spcekota@cluster0.g3fiq.mongodb.net/dhruvinfra?retryWrites=true&w=majority...","timestamp":"2020-10-19T15:05:58.065Z"}
{"level":"info","message":"Listening on port 5000...","timestamp":"2020-10-19T15:06:05.955Z"}
{"level":"info","message":"Connected to mongodb+srv://rt:spcekota@cluster0.g3fiq.mongodb.net/dhruvinfra?retryWrites=true&w=majority...","timestamp":"2020-10-19T15:06:06.322Z"}
{"level":"info","message":"Listening on port 5000...","timestamp":"2020-10-19T15:06:54.473Z"}
{"level":"info","message":"Connected to mongodb+srv://rt:spcekota@cluster0.g3fiq.mongodb.net/dhruvinfra?retryWrites=true&w=majority...","timestamp":"2020-10-19T15:06:54.938Z"}
{"level":"info","message":"Listening on port 5000...","timestamp":"2020-10-19T15:11:06.798Z"}
{"level":"info","message":"Connected to mongodb+srv://rt:spcekota@cluster0.g3fiq.mongodb.net/dhruvinfra?retryWrites=true&w=majority...","timestamp":"2020-10-19T15:11:07.232Z"}
{"level":"info","message":"Listening on port 5000...","timestamp":"2020-10-19T15:11:15.741Z"}
{"level":"info","message":"Connected to mongodb+srv://rt:spcekota@cluster0.g3fiq.mongodb.net/dhruvinfra?retryWrites=true&w=majority...","timestamp":"2020-10-19T15:11:16.146Z"}
{"level":"info","message":"Listening on port 5000...","timestamp":"2020-10-19T15:11:23.731Z"}
{"level":"info","message":"Connected to mongodb+srv://rt:spcekota@cluster0.g3fiq.mongodb.net/dhruvinfra?retryWrites=true&w=majority...","timestamp":"2020-10-19T15:11:24.147Z"}
{"level":"info","message":"Listening on port 5000...","timestamp":"2020-10-19T15:12:05.714Z"}
{"level":"info","message":"Connected to mongodb+srv://rt:spcekota@cluster0.g3fiq.mongodb.net/dhruvinfra?retryWrites=true&w=majority...","timestamp":"2020-10-19T15:12:06.098Z"}
{"level":"info","message":"Listening on port 5000...","timestamp":"2020-10-19T15:12:25.220Z"}
{"level":"info","message":"Connected to mongodb+srv://rt:spcekota@cluster0.g3fiq.mongodb.net/dhruvinfra?retryWrites=true&w=majority...","timestamp":"2020-10-19T15:12:25.665Z"}
{"level":"info","message":"Listening on port 5000...","timestamp":"2020-10-19T15:12:59.371Z"}
{"level":"info","message":"Connected to mongodb+srv://rt:spcekota@cluster0.g3fiq.mongodb.net/dhruvinfra?retryWrites=true&w=majority...","timestamp":"2020-10-19T15:12:59.861Z"}
{"level":"info","message":"Listening on port 5000...","timestamp":"2020-10-19T15:13:54.057Z"}
{"level":"info","message":"Connected to mongodb+srv://rt:spcekota@cluster0.g3fiq.mongodb.net/dhruvinfra?retryWrites=true&w=majority...","timestamp":"2020-10-19T15:13:54.483Z"}
{"level":"info","message":"Listening on port 5000...","timestamp":"2020-10-19T15:15:16.612Z"}
{"level":"info","message":"Connected to mongodb+srv://rt:spcekota@cluster0.g3fiq.mongodb.net/dhruvinfra?retryWrites=true&w=majority...","timestamp":"2020-10-19T15:15:16.996Z"}
{"level":"info","message":"Listening on port 5000...","timestamp":"2020-10-19T15:15:44.436Z"}
{"level":"info","message":"Connected to mongodb+srv://rt:spcekota@cluster0.g3fiq.mongodb.net/dhruvinfra?retryWrites=true&w=majority...","timestamp":"2020-10-19T15:15:44.813Z"}
{"level":"info","message":"Listening on port 5000...","timestamp":"2020-10-19T15:15:51.460Z"}
{"level":"info","message":"Connected to mongodb+srv://rt:spcekota@cluster0.g3fiq.mongodb.net/dhruvinfra?retryWrites=true&w=majority...","timestamp":"2020-10-19T15:15:51.879Z"}
{"level":"info","message":"Listening on port 5000...","timestamp":"2020-10-19T15:19:18.999Z"}
{"level":"info","message":"Connected to mongodb+srv://rt:spcekota@cluster0.g3fiq.mongodb.net/dhruvinfra?retryWrites=true&w=majority...","timestamp":"2020-10-19T15:19:19.423Z"}
{"level":"info","message":"Listening on port 5000...","timestamp":"2020-10-19T15:19:30.235Z"}
{"level":"info","message":"Connected to mongodb+srv://rt:spcekota@cluster0.g3fiq.mongodb.net/dhruvinfra?retryWrites=true&w=majority...","timestamp":"2020-10-19T15:19:30.700Z"}
{"level":"info","message":"Listening on port 5000...","timestamp":"2020-10-19T15:19:32.506Z"}
{"level":"info","message":"Connected to mongodb+srv://rt:spcekota@cluster0.g3fiq.mongodb.net/dhruvinfra?retryWrites=true&w=majority...","timestamp":"2020-10-19T15:19:32.887Z"}
{"level":"info","message":"Listening on port 5000...","timestamp":"2020-10-19T15:20:16.303Z"}
{"level":"info","message":"Connected to mongodb+srv://rt:spcekota@cluster0.g3fiq.mongodb.net/dhruvinfra?retryWrites=true&w=majority...","timestamp":"2020-10-19T15:20:16.719Z"}
{"level":"info","message":"Listening on port 5000...","timestamp":"2020-10-19T15:21:08.562Z"}
{"level":"info","message":"Connected to mongodb+srv://rt:spcekota@cluster0.g3fiq.mongodb.net/dhruvinfra?retryWrites=true&w=majority...","timestamp":"2020-10-19T15:21:09.020Z"}
{"level":"info","message":"Listening on port 5000...","timestamp":"2020-10-19T15:21:10.536Z"}
{"level":"info","message":"Connected to mongodb+srv://rt:spcekota@cluster0.g3fiq.mongodb.net/dhruvinfra?retryWrites=true&w=majority...","timestamp":"2020-10-19T15:21:10.962Z"}
{"level":"info","message":"Listening on port 5000...","timestamp":"2020-10-19T15:21:33.995Z"}
{"level":"info","message":"Connected to mongodb+srv://rt:spcekota@cluster0.g3fiq.mongodb.net/dhruvinfra?retryWrites=true&w=majority...","timestamp":"2020-10-19T15:21:34.423Z"}
{"level":"info","message":"Listening on port 5000...","timestamp":"2020-10-19T15:21:39.498Z"}
{"level":"info","message":"Connected to mongodb+srv://rt:spcekota@cluster0.g3fiq.mongodb.net/dhruvinfra?retryWrites=true&w=majority...","timestamp":"2020-10-19T15:21:39.876Z"}
{"level":"info","message":"Listening on port 5000...","timestamp":"2020-10-19T15:22:06.529Z"}
{"level":"info","message":"Connected to mongodb+srv://rt:spcekota@cluster0.g3fiq.mongodb.net/dhruvinfra?retryWrites=true&w=majority...","timestamp":"2020-10-19T15:22:06.905Z"}
{"level":"info","message":"Listening on port 5000...","timestamp":"2020-10-19T15:22:34.708Z"}
{"level":"info","message":"Connected to mongodb+srv://rt:spcekota@cluster0.g3fiq.mongodb.net/dhruvinfra?retryWrites=true&w=majority...","timestamp":"2020-10-19T15:22:35.047Z"}
{"level":"info","message":"Listening on port 5000...","timestamp":"2020-10-19T18:25:01.264Z"}
{"level":"info","message":"Connected to mongodb+srv://rt:spcekota@cluster0.g3fiq.mongodb.net/dhruvinfra?retryWrites=true&w=majority...","timestamp":"2020-10-19T18:25:01.665Z"}
